<?xml version="1.0" encoding="UTF-8"?>
<testsuite xmlns:xsi="http://www.w3.org/2001/XMLSchema-instance" xsi:noNamespaceSchemaLocation="https://maven.apache.org/surefire/maven-surefire-plugin/xsd/surefire-test-report.xsd" version="3.0.2" name="Delivery_Replication.Delivery_Replication.DeliveryReplicationApplicationTests" time="26.259" tests="1" errors="0" skipped="0" failures="0">
  <properties>
[...]
</properties>
  <testcase name="contextLoads" classname="Delivery_Replication.Delivery_Replication.DeliveryReplicationApplicationTests" time="3.199">
    <system-out><![CDATA[09:46:14.330 [main] INFO org.springframework.test.context.support.AnnotationConfigContextLoaderUtils -- Could not detect default configuration classes for test class [Delivery_Replication.Delivery_Replication.DeliveryReplicationApplicationTests]: DeliveryReplicationApplicationTests does not declare any static, non-private, non-final, nested classes annotated with @Configuration.
09:46:14.669 [main] INFO org.springframework.boot.test.context.SpringBootTestContextBootstrapper -- Found @SpringBootConfiguration Delivery_Replication.Delivery_Replication.DeliveryReplicationApplication for test class Delivery_Replication.Delivery_Replication.DeliveryReplicationApplicationTests

  .   ____          _            __ _ _
 /\\ / ___'_ __ _ _(_)_ __  __ _ \ \ \ \
( ( )\___ | '_ | '_| | '_ \/ _` | \ \ \ \
 \\/  ___)| |_)| | | | | || (_| |  ) ) ) )
  '  |____| .__|_| |_|_| |_\__, | / / / /
 =========|_|==============|___/=/_/_/_/

 :: Spring Boot ::                (v3.4.4)

2025-05-10T09:46:15.722+05:30  INFO 11980 --- [Delivery-Replication] [           main] D.D.DeliveryReplicationApplicationTests  : Starting DeliveryReplicationApplicationTests using Java 21.0.5 with PID 11980 (started by Savindu in E:\SE3020_Y3_DS_Food_Delivery_Project\SE3020_Y3_DS_Food_Delivery_Project\Delivery_Replication)
2025-05-10T09:46:15.725+05:30  INFO 11980 --- [Delivery-Replication] [           main] D.D.DeliveryReplicationApplicationTests  : No active profile set, falling back to 1 default profile: "default"
2025-05-10T09:46:20.049+05:30  INFO 11980 --- [Delivery-Replication] [           main] .s.d.r.c.RepositoryConfigurationDelegate : Bootstrapping Spring Data MongoDB repositories in DEFAULT mode.
2025-05-10T09:46:20.233+05:30  INFO 11980 --- [Delivery-Replication] [           main] .s.d.r.c.RepositoryConfigurationDelegate : Finished Spring Data repository scanning in 165 ms. Found 1 MongoDB repository interface.
2025-05-10T09:46:21.022+05:30  INFO 11980 --- [Delivery-Replication] [           main] org.testcontainers.images.PullPolicy     : Image pull policy will be performed by: DefaultPullPolicy()
2025-05-10T09:46:21.026+05:30  INFO 11980 --- [Delivery-Replication] [           main] o.t.utility.ImageNameSubstitutor         : Image name substitution will be performed by: DefaultImageNameSubstitutor (composite of 'ConfigurationFileImageNameSubstitutor' and 'PrefixingImageNameSubstitutor')
2025-05-10T09:46:21.147+05:30  INFO 11980 --- [Delivery-Replication] [           main] org.testcontainers.DockerClientFactory   : Testcontainers version: 1.20.6
2025-05-10T09:46:21.517+05:30  INFO 11980 --- [Delivery-Replication] [           main] o.t.d.DockerClientProviderStrategy       : Loaded org.testcontainers.dockerclient.NpipeSocketClientProviderStrategy from ~/.testcontainers.properties, will try it first
2025-05-10T09:46:22.245+05:30  INFO 11980 --- [Delivery-Replication] [           main] o.t.d.DockerClientProviderStrategy       : Found Docker environment with local Npipe socket (npipe:////./pipe/docker_engine)
2025-05-10T09:46:22.248+05:30  INFO 11980 --- [Delivery-Replication] [           main] org.testcontainers.DockerClientFactory   : Docker host IP address is localhost
2025-05-10T09:46:22.351+05:30  INFO 11980 --- [Delivery-Replication] [           main] org.testcontainers.DockerClientFactory   : Connected to docker: 
  Server Version: 27.3.1
  API Version: 1.47
  Operating System: Docker Desktop
  Total Memory: 6892 MB
  Labels: 
    com.docker.desktop.address=npipe://\\.\pipe\docker_cli
2025-05-10T09:46:22.927+05:30  INFO 11980 --- [Delivery-Replication] [           main] tc.testcontainers/ryuk:0.11.0            : Creating container for image: testcontainers/ryuk:0.11.0
2025-05-10T09:46:23.199+05:30  INFO 11980 --- [Delivery-Replication] [           main] o.t.utility.RegistryAuthLocator          : Credential helper/store (docker-credential-desktop) does not have credentials for https://index.docker.io/v1/
2025-05-10T09:46:23.629+05:30  INFO 11980 --- [Delivery-Replication] [           main] tc.testcontainers/ryuk:0.11.0            : Container testcontainers/ryuk:0.11.0 is starting: 7460d14ab275938bf529bf784a883f01ecca5c5c978fae3843b9146914d1f7e4
2025-05-10T09:46:24.618+05:30  INFO 11980 --- [Delivery-Replication] [           main] tc.testcontainers/ryuk:0.11.0            : Container testcontainers/ryuk:0.11.0 started in PT1.6902139S
2025-05-10T09:46:24.637+05:30  INFO 11980 --- [Delivery-Replication] [           main] o.t.utility.RyukResourceReaper           : Ryuk started - will monitor and terminate Testcontainers containers on JVM exit
2025-05-10T09:46:24.638+05:30  INFO 11980 --- [Delivery-Replication] [           main] org.testcontainers.DockerClientFactory   : Checking the system...
2025-05-10T09:46:24.640+05:30  INFO 11980 --- [Delivery-Replication] [           main] org.testcontainers.DockerClientFactory   : ✔︎ Docker server version should be at least 1.6.0
2025-05-10T09:46:24.640+05:30  INFO 11980 --- [Delivery-Replication] [           main] tc.mongo:latest                          : Creating container for image: mongo:latest
2025-05-10T09:46:24.841+05:30  INFO 11980 --- [Delivery-Replication] [           main] tc.mongo:latest                          : Container mongo:latest is starting: 45762e17302b8bb0598169d1d3cdea4db1ad29a45d147e8e2ca45b972b8f8d88
2025-05-10T09:46:28.250+05:30  INFO 11980 --- [Delivery-Replication] [           main] tc.mongo:latest                          : Container mongo:latest started in PT3.6099612S
2025-05-10T09:46:31.684+05:30  INFO 11980 --- [Delivery-Replication] [           main] org.mongodb.driver.client                : MongoClient with metadata {"driver": {"name": "mongo-java-driver|sync|spring-boot", "version": "5.2.1"}, "os": {"type": "Windows", "name": "Windows 11", "architecture": "amd64", "version": "10.0"}, "platform": "Java/Oracle Corporation/21.0.5+9-LTS-239"} created with settings MongoClientSettings{readPreference=primary, writeConcern=WriteConcern{w=null, wTimeout=null ms, journal=null}, retryWrites=true, retryReads=true, readConcern=ReadConcern{level=null}, credential=null, transportSettings=null, commandListeners=[], codecRegistry=ProvidersCodecRegistry{codecProviders=[ValueCodecProvider{}, BsonValueCodecProvider{}, DBRefCodecProvider{}, DBObjectCodecProvider{}, DocumentCodecProvider{}, CollectionCodecProvider{}, IterableCodecProvider{}, MapCodecProvider{}, GeoJsonCodecProvider{}, GridFSFileCodecProvider{}, Jsr310CodecProvider{}, JsonObjectCodecProvider{}, BsonCodecProvider{}, EnumCodecProvider{}, com.mongodb.client.model.mql.ExpressionCodecProvider@2cea921a, com.mongodb.Jep395RecordCodecProvider@65753724, com.mongodb.KotlinCodecProvider@2bc16fe2]}, loggerSettings=LoggerSettings{maxDocumentLength=1000}, clusterSettings={hosts=[localhost:1957], srvServiceName=mongodb, mode=SINGLE, requiredClusterType=UNKNOWN, requiredReplicaSetName='null', serverSelector='null', clusterListeners='[]', serverSelectionTimeout='30000 ms', localThreshold='15 ms'}, socketSettings=SocketSettings{connectTimeoutMS=10000, readTimeoutMS=0, receiveBufferSize=0, proxySettings=ProxySettings{host=null, port=null, username=null, password=null}}, heartbeatSocketSettings=SocketSettings{connectTimeoutMS=10000, readTimeoutMS=10000, receiveBufferSize=0, proxySettings=ProxySettings{host=null, port=null, username=null, password=null}}, connectionPoolSettings=ConnectionPoolSettings{maxSize=100, minSize=0, maxWaitTimeMS=120000, maxConnectionLifeTimeMS=0, maxConnectionIdleTimeMS=0, maintenanceInitialDelayMS=0, maintenanceFrequencyMS=60000, connectionPoolListeners=[], maxConnecting=2}, serverSettings=ServerSettings{heartbeatFrequencyMS=10000, minHeartbeatFrequencyMS=500, serverMonitoringMode=AUTO, serverListeners='[]', serverMonitorListeners='[]'}, sslSettings=SslSettings{enabled=false, invalidHostNameAllowed=false, context=null}, applicationName='null', compressorList=[], uuidRepresentation=JAVA_LEGACY, serverApi=null, autoEncryptionSettings=null, dnsClient=null, inetAddressResolver=null, contextProvider=null, timeoutMS=null}
2025-05-10T09:46:31.749+05:30  INFO 11980 --- [Delivery-Replication] [-localhost:1957] org.mongodb.driver.cluster               : Monitor thread successfully connected to server with description ServerDescription{address=localhost:1957, type=REPLICA_SET_PRIMARY, cryptd=false, state=CONNECTED, ok=true, minWireVersion=0, maxWireVersion=25, maxDocumentSize=16777216, logicalSessionTimeoutMinutes=30, roundTripTimeNanos=87899100, minRoundTripTimeNanos=0, setName='docker-rs', canonicalAddress=45762e17302b:27017, hosts=[45762e17302b:27017], passives=[], arbiters=[], primary='45762e17302b:27017', tagSet=TagSet{[]}, electionId=7fffffff0000000000000001, setVersion=1, topologyVersion=TopologyVersion{processId=681ed31a10b171627c6d7201, counter=6}, lastWriteDate=Sat May 10 09:46:30 IST 2025, lastUpdateTimeNanos=1071669501000}
2025-05-10T09:46:35.467+05:30  INFO 11980 --- [Delivery-Replication] [           main] o.a.k.clients.consumer.ConsumerConfig    : ConsumerConfig values: 
	allow.auto.create.topics = true
	auto.commit.interval.ms = 5000
	auto.include.jmx.reporter = true
	auto.offset.reset = earliest
	bootstrap.servers = [localhost:9032]
	check.crcs = true
	client.dns.lookup = use_all_dns_ips
	client.id = consumer-delivery-replication-service-1
	client.rack = 
	connections.max.idle.ms = 540000
	default.api.timeout.ms = 60000
	enable.auto.commit = false
	enable.metrics.push = true
	exclude.internal.topics = true
	fetch.max.bytes = 52428800
	fetch.max.wait.ms = 500
	fetch.min.bytes = 1
	group.id = delivery-replication-service
	group.instance.id = null
	group.protocol = classic
	group.remote.assignor = null
	heartbeat.interval.ms = 3000
	interceptor.classes = []
	internal.leave.group.on.close = true
	internal.throw.on.fetch.stable.offset.unsupported = false
	isolation.level = read_uncommitted
	key.deserializer = class org.springframework.kafka.support.serializer.ErrorHandlingDeserializer
	max.partition.fetch.bytes = 1048576
	max.poll.interval.ms = 300000
	max.poll.records = 500
	metadata.max.age.ms = 300000
	metadata.recovery.strategy = none
	metric.reporters = []
	metrics.num.samples = 2
	metrics.recording.level = INFO
	metrics.sample.window.ms = 30000
	partition.assignment.strategy = [class org.apache.kafka.clients.consumer.RangeAssignor, class org.apache.kafka.clients.consumer.CooperativeStickyAssignor]
	receive.buffer.bytes = 65536
	reconnect.backoff.max.ms = 1000
	reconnect.backoff.ms = 50
	request.timeout.ms = 30000
	retry.backoff.max.ms = 1000
	retry.backoff.ms = 100
	sasl.client.callback.handler.class = null
	sasl.jaas.config = null
	sasl.kerberos.kinit.cmd = /usr/bin/kinit
	sasl.kerberos.min.time.before.relogin = 60000
	sasl.kerberos.service.name = null
	sasl.kerberos.ticket.renew.jitter = 0.05
	sasl.kerberos.ticket.renew.window.factor = 0.8
	sasl.login.callback.handler.class = null
	sasl.login.class = null
	sasl.login.connect.timeout.ms = null
	sasl.login.read.timeout.ms = null
	sasl.login.refresh.buffer.seconds = 300
	sasl.login.refresh.min.period.seconds = 60
	sasl.login.refresh.window.factor = 0.8
	sasl.login.refresh.window.jitter = 0.05
	sasl.login.retry.backoff.max.ms = 10000
	sasl.login.retry.backoff.ms = 100
	sasl.mechanism = GSSAPI
	sasl.oauthbearer.clock.skew.seconds = 30
	sasl.oauthbearer.expected.audience = null
	sasl.oauthbearer.expected.issuer = null
	sasl.oauthbearer.jwks.endpoint.refresh.ms = 3600000
	sasl.oauthbearer.jwks.endpoint.retry.backoff.max.ms = 10000
	sasl.oauthbearer.jwks.endpoint.retry.backoff.ms = 100
	sasl.oauthbearer.jwks.endpoint.url = null
	sasl.oauthbearer.scope.claim.name = scope
	sasl.oauthbearer.sub.claim.name = sub
	sasl.oauthbearer.token.endpoint.url = null
	security.protocol = PLAINTEXT
	security.providers = null
	send.buffer.bytes = 131072
	session.timeout.ms = 45000
	socket.connection.setup.timeout.max.ms = 30000
	socket.connection.setup.timeout.ms = 10000
	ssl.cipher.suites = null
	ssl.enabled.protocols = [TLSv1.2, TLSv1.3]
	ssl.endpoint.identification.algorithm = https
	ssl.engine.factory.class = null
	ssl.key.password = null
	ssl.keymanager.algorithm = SunX509
	ssl.keystore.certificate.chain = null
	ssl.keystore.key = null
	ssl.keystore.location = null
	ssl.keystore.password = null
	ssl.keystore.type = JKS
	ssl.protocol = TLSv1.3
	ssl.provider = null
	ssl.secure.random.implementation = null
	ssl.trustmanager.algorithm = PKIX
	ssl.truststore.certificates = null
	ssl.truststore.location = null
	ssl.truststore.password = null
	ssl.truststore.type = JKS
	value.deserializer = class org.springframework.kafka.support.serializer.ErrorHandlingDeserializer

2025-05-10T09:46:35.682+05:30  INFO 11980 --- [Delivery-Replication] [           main] o.a.k.c.t.i.KafkaMetricsCollector        : initializing Kafka metrics collector
2025-05-10T09:46:36.504+05:30  INFO 11980 --- [Delivery-Replication] [           main] o.a.kafka.common.utils.AppInfoParser     : Kafka version: 3.8.1
2025-05-10T09:46:36.504+05:30  INFO 11980 --- [Delivery-Replication] [           main] o.a.kafka.common.utils.AppInfoParser     : Kafka commitId: 70d6ff42debf7e17
2025-05-10T09:46:36.504+05:30  INFO 11980 --- [Delivery-Replication] [           main] o.a.kafka.common.utils.AppInfoParser     : Kafka startTimeMs: 1746850596500
2025-05-10T09:46:36.514+05:30  INFO 11980 --- [Delivery-Replication] [           main] o.a.k.c.c.internals.LegacyKafkaConsumer  : [Consumer clientId=consumer-delivery-replication-service-1, groupId=delivery-replication-service] Subscribed to topic(s): order-notifications
2025-05-10T09:46:36.536+05:30  INFO 11980 --- [Delivery-Replication] [           main] o.a.k.clients.consumer.ConsumerConfig    : ConsumerConfig values: 
	allow.auto.create.topics = true
	auto.commit.interval.ms = 5000
	auto.include.jmx.reporter = true
	auto.offset.reset = earliest
	bootstrap.servers = [localhost:9032]
	check.crcs = true
	client.dns.lookup = use_all_dns_ips
	client.id = consumer-delivery-group-2
	client.rack = 
	connections.max.idle.ms = 540000
	default.api.timeout.ms = 60000
	enable.auto.commit = false
	enable.metrics.push = true
	exclude.internal.topics = true
	fetch.max.bytes = 52428800
	fetch.max.wait.ms = 500
	fetch.min.bytes = 1
	group.id = delivery-group
	group.instance.id = null
	group.protocol = classic
	group.remote.assignor = null
	heartbeat.interval.ms = 3000
	interceptor.classes = []
	internal.leave.group.on.close = true
	internal.throw.on.fetch.stable.offset.unsupported = false
	isolation.level = read_uncommitted
	key.deserializer = class org.springframework.kafka.support.serializer.ErrorHandlingDeserializer
	max.partition.fetch.bytes = 1048576
	max.poll.interval.ms = 300000
	max.poll.records = 500
	metadata.max.age.ms = 300000
	metadata.recovery.strategy = none
	metric.reporters = []
	metrics.num.samples = 2
	metrics.recording.level = INFO
	metrics.sample.window.ms = 30000
	partition.assignment.strategy = [class org.apache.kafka.clients.consumer.RangeAssignor, class org.apache.kafka.clients.consumer.CooperativeStickyAssignor]
	receive.buffer.bytes = 65536
	reconnect.backoff.max.ms = 1000
	reconnect.backoff.ms = 50
	request.timeout.ms = 30000
	retry.backoff.max.ms = 1000
	retry.backoff.ms = 100
	sasl.client.callback.handler.class = null
	sasl.jaas.config = null
	sasl.kerberos.kinit.cmd = /usr/bin/kinit
	sasl.kerberos.min.time.before.relogin = 60000
	sasl.kerberos.service.name = null
	sasl.kerberos.ticket.renew.jitter = 0.05
	sasl.kerberos.ticket.renew.window.factor = 0.8
	sasl.login.callback.handler.class = null
	sasl.login.class = null
	sasl.login.connect.timeout.ms = null
	sasl.login.read.timeout.ms = null
	sasl.login.refresh.buffer.seconds = 300
	sasl.login.refresh.min.period.seconds = 60
	sasl.login.refresh.window.factor = 0.8
	sasl.login.refresh.window.jitter = 0.05
	sasl.login.retry.backoff.max.ms = 10000
	sasl.login.retry.backoff.ms = 100
	sasl.mechanism = GSSAPI
	sasl.oauthbearer.clock.skew.seconds = 30
	sasl.oauthbearer.expected.audience = null
	sasl.oauthbearer.expected.issuer = null
	sasl.oauthbearer.jwks.endpoint.refresh.ms = 3600000
	sasl.oauthbearer.jwks.endpoint.retry.backoff.max.ms = 10000
	sasl.oauthbearer.jwks.endpoint.retry.backoff.ms = 100
	sasl.oauthbearer.jwks.endpoint.url = null
	sasl.oauthbearer.scope.claim.name = scope
	sasl.oauthbearer.sub.claim.name = sub
	sasl.oauthbearer.token.endpoint.url = null
	security.protocol = PLAINTEXT
	security.providers = null
	send.buffer.bytes = 131072
	session.timeout.ms = 45000
	socket.connection.setup.timeout.max.ms = 30000
	socket.connection.setup.timeout.ms = 10000
	ssl.cipher.suites = null
	ssl.enabled.protocols = [TLSv1.2, TLSv1.3]
	ssl.endpoint.identification.algorithm = https
	ssl.engine.factory.class = null
	ssl.key.password = null
	ssl.keymanager.algorithm = SunX509
	ssl.keystore.certificate.chain = null
	ssl.keystore.key = null
	ssl.keystore.location = null
	ssl.keystore.password = null
	ssl.keystore.type = JKS
	ssl.protocol = TLSv1.3
	ssl.provider = null
	ssl.secure.random.implementation = null
	ssl.trustmanager.algorithm = PKIX
	ssl.truststore.certificates = null
	ssl.truststore.location = null
	ssl.truststore.password = null
	ssl.truststore.type = JKS
	value.deserializer = class org.springframework.kafka.support.serializer.ErrorHandlingDeserializer

2025-05-10T09:46:36.538+05:30  INFO 11980 --- [Delivery-Replication] [           main] o.a.k.c.t.i.KafkaMetricsCollector        : initializing Kafka metrics collector
2025-05-10T09:46:36.589+05:30  INFO 11980 --- [Delivery-Replication] [           main] o.a.kafka.common.utils.AppInfoParser     : Kafka version: 3.8.1
2025-05-10T09:46:36.590+05:30  INFO 11980 --- [Delivery-Replication] [           main] o.a.kafka.common.utils.AppInfoParser     : Kafka commitId: 70d6ff42debf7e17
2025-05-10T09:46:36.591+05:30  INFO 11980 --- [Delivery-Replication] [           main] o.a.kafka.common.utils.AppInfoParser     : Kafka startTimeMs: 1746850596589
2025-05-10T09:46:36.592+05:30  INFO 11980 --- [Delivery-Replication] [           main] o.a.k.c.c.internals.LegacyKafkaConsumer  : [Consumer clientId=consumer-delivery-group-2, groupId=delivery-group] Subscribed to topic(s): unassigned-deliveries
2025-05-10T09:46:36.600+05:30  INFO 11980 --- [Delivery-Replication] [           main] o.a.k.clients.consumer.ConsumerConfig    : ConsumerConfig values: 
	allow.auto.create.topics = true
	auto.commit.interval.ms = 5000
	auto.include.jmx.reporter = true
	auto.offset.reset = earliest
	bootstrap.servers = [localhost:9032]
	check.crcs = true
	client.dns.lookup = use_all_dns_ips
	client.id = consumer-delivery-group-3
	client.rack = 
	connections.max.idle.ms = 540000
	default.api.timeout.ms = 60000
	enable.auto.commit = false
	enable.metrics.push = true
	exclude.internal.topics = true
	fetch.max.bytes = 52428800
	fetch.max.wait.ms = 500
	fetch.min.bytes = 1
	group.id = delivery-group
	group.instance.id = null
	group.protocol = classic
	group.remote.assignor = null
	heartbeat.interval.ms = 3000
	interceptor.classes = []
	internal.leave.group.on.close = true
	internal.throw.on.fetch.stable.offset.unsupported = false
	isolation.level = read_uncommitted
	key.deserializer = class org.springframework.kafka.support.serializer.ErrorHandlingDeserializer
	max.partition.fetch.bytes = 1048576
	max.poll.interval.ms = 300000
	max.poll.records = 500
	metadata.max.age.ms = 300000
	metadata.recovery.strategy = none
	metric.reporters = []
	metrics.num.samples = 2
	metrics.recording.level = INFO
	metrics.sample.window.ms = 30000
	partition.assignment.strategy = [class org.apache.kafka.clients.consumer.RangeAssignor, class org.apache.kafka.clients.consumer.CooperativeStickyAssignor]
	receive.buffer.bytes = 65536
	reconnect.backoff.max.ms = 1000
	reconnect.backoff.ms = 50
	request.timeout.ms = 30000
	retry.backoff.max.ms = 1000
	retry.backoff.ms = 100
	sasl.client.callback.handler.class = null
	sasl.jaas.config = null
	sasl.kerberos.kinit.cmd = /usr/bin/kinit
	sasl.kerberos.min.time.before.relogin = 60000
	sasl.kerberos.service.name = null
	sasl.kerberos.ticket.renew.jitter = 0.05
	sasl.kerberos.ticket.renew.window.factor = 0.8
	sasl.login.callback.handler.class = null
	sasl.login.class = null
	sasl.login.connect.timeout.ms = null
	sasl.login.read.timeout.ms = null
	sasl.login.refresh.buffer.seconds = 300
	sasl.login.refresh.min.period.seconds = 60
	sasl.login.refresh.window.factor = 0.8
	sasl.login.refresh.window.jitter = 0.05
	sasl.login.retry.backoff.max.ms = 10000
	sasl.login.retry.backoff.ms = 100
	sasl.mechanism = GSSAPI
	sasl.oauthbearer.clock.skew.seconds = 30
	sasl.oauthbearer.expected.audience = null
	sasl.oauthbearer.expected.issuer = null
	sasl.oauthbearer.jwks.endpoint.refresh.ms = 3600000
	sasl.oauthbearer.jwks.endpoint.retry.backoff.max.ms = 10000
	sasl.oauthbearer.jwks.endpoint.retry.backoff.ms = 100
	sasl.oauthbearer.jwks.endpoint.url = null
	sasl.oauthbearer.scope.claim.name = scope
	sasl.oauthbearer.sub.claim.name = sub
	sasl.oauthbearer.token.endpoint.url = null
	security.protocol = PLAINTEXT
	security.providers = null
	send.buffer.bytes = 131072
	session.timeout.ms = 45000
	socket.connection.setup.timeout.max.ms = 30000
	socket.connection.setup.timeout.ms = 10000
	ssl.cipher.suites = null
	ssl.enabled.protocols = [TLSv1.2, TLSv1.3]
	ssl.endpoint.identification.algorithm = https
	ssl.engine.factory.class = null
	ssl.key.password = null
	ssl.keymanager.algorithm = SunX509
	ssl.keystore.certificate.chain = null
	ssl.keystore.key = null
	ssl.keystore.location = null
	ssl.keystore.password = null
	ssl.keystore.type = JKS
	ssl.protocol = TLSv1.3
	ssl.provider = null
	ssl.secure.random.implementation = null
	ssl.trustmanager.algorithm = PKIX
	ssl.truststore.certificates = null
	ssl.truststore.location = null
	ssl.truststore.password = null
	ssl.truststore.type = JKS
	value.deserializer = class org.springframework.kafka.support.serializer.ErrorHandlingDeserializer

2025-05-10T09:46:36.603+05:30  INFO 11980 --- [Delivery-Replication] [           main] o.a.k.c.t.i.KafkaMetricsCollector        : initializing Kafka metrics collector
2025-05-10T09:46:36.760+05:30  INFO 11980 --- [Delivery-Replication] [           main] o.a.kafka.common.utils.AppInfoParser     : Kafka version: 3.8.1
2025-05-10T09:46:36.762+05:30  INFO 11980 --- [Delivery-Replication] [           main] o.a.kafka.common.utils.AppInfoParser     : Kafka commitId: 70d6ff42debf7e17
2025-05-10T09:46:36.765+05:30  INFO 11980 --- [Delivery-Replication] [           main] o.a.kafka.common.utils.AppInfoParser     : Kafka startTimeMs: 1746850596760
2025-05-10T09:46:36.794+05:30  INFO 11980 --- [Delivery-Replication] [           main] o.a.k.c.c.internals.LegacyKafkaConsumer  : [Consumer clientId=consumer-delivery-group-3, groupId=delivery-group] Subscribed to topic(s): unassigned-deliveries
2025-05-10T09:46:36.952+05:30  INFO 11980 --- [Delivery-Replication] [           main] D.D.DeliveryReplicationApplicationTests  : Started DeliveryReplicationApplicationTests in 21.992 seconds (process running for 24.936)
2025-05-10T09:46:38.159+05:30  INFO 11980 --- [Delivery-Replication] [ntainer#1-0-C-1] org.apache.kafka.clients.NetworkClient   : [Consumer clientId=consumer-delivery-group-3, groupId=delivery-group] Node -1 disconnected.
2025-05-10T09:46:38.161+05:30  INFO 11980 --- [Delivery-Replication] [ntainer#0-0-C-1] org.apache.kafka.clients.NetworkClient   : [Consumer clientId=consumer-delivery-group-2, groupId=delivery-group] Node -1 disconnected.
2025-05-10T09:46:38.171+05:30  WARN 11980 --- [Delivery-Replication] [ntainer#0-0-C-1] org.apache.kafka.clients.NetworkClient   : [Consumer clientId=consumer-delivery-group-2, groupId=delivery-group] Connection to node -1 (localhost/127.0.0.1:9032) could not be established. Node may not be available.
2025-05-10T09:46:38.171+05:30  WARN 11980 --- [Delivery-Replication] [ntainer#0-0-C-1] org.apache.kafka.clients.NetworkClient   : [Consumer clientId=consumer-delivery-group-2, groupId=delivery-group] Bootstrap broker localhost:9032 (id: -1 rack: null) disconnected
2025-05-10T09:46:38.170+05:30  WARN 11980 --- [Delivery-Replication] [ntainer#1-0-C-1] org.apache.kafka.clients.NetworkClient   : [Consumer clientId=consumer-delivery-group-3, groupId=delivery-group] Connection to node -1 (localhost/127.0.0.1:9032) could not be established. Node may not be available.
2025-05-10T09:46:38.171+05:30  WARN 11980 --- [Delivery-Replication] [ntainer#1-0-C-1] org.apache.kafka.clients.NetworkClient   : [Consumer clientId=consumer-delivery-group-3, groupId=delivery-group] Bootstrap broker localhost:9032 (id: -1 rack: null) disconnected
2025-05-10T09:46:38.164+05:30  INFO 11980 --- [Delivery-Replication] [ntainer#2-0-C-1] org.apache.kafka.clients.NetworkClient   : [Consumer clientId=consumer-delivery-replication-service-1, groupId=delivery-replication-service] Node -1 disconnected.
2025-05-10T09:46:38.184+05:30  WARN 11980 --- [Delivery-Replication] [ntainer#2-0-C-1] org.apache.kafka.clients.NetworkClient   : [Consumer clientId=consumer-delivery-replication-service-1, groupId=delivery-replication-service] Connection to node -1 (localhost/127.0.0.1:9032) could not be established. Node may not be available.
2025-05-10T09:46:38.185+05:30  WARN 11980 --- [Delivery-Replication] [ntainer#2-0-C-1] org.apache.kafka.clients.NetworkClient   : [Consumer clientId=consumer-delivery-replication-service-1, groupId=delivery-replication-service] Bootstrap broker localhost:9032 (id: -1 rack: null) disconnected
2025-05-10T09:46:38.355+05:30  INFO 11980 --- [Delivery-Replication] [ntainer#2-0-C-1] org.apache.kafka.clients.NetworkClient   : [Consumer clientId=consumer-delivery-replication-service-1, groupId=delivery-replication-service] Node -1 disconnected.
2025-05-10T09:46:38.356+05:30  WARN 11980 --- [Delivery-Replication] [ntainer#2-0-C-1] org.apache.kafka.clients.NetworkClient   : [Consumer clientId=consumer-delivery-replication-service-1, groupId=delivery-replication-service] Connection to node -1 (localhost/127.0.0.1:9032) could not be established. Node may not be available.
2025-05-10T09:46:38.357+05:30  WARN 11980 --- [Delivery-Replication] [ntainer#2-0-C-1] org.apache.kafka.clients.NetworkClient   : [Consumer clientId=consumer-delivery-replication-service-1, groupId=delivery-replication-service] Bootstrap broker localhost:9032 (id: -1 rack: null) disconnected
2025-05-10T09:46:38.355+05:30  INFO 11980 --- [Delivery-Replication] [ntainer#1-0-C-1] org.apache.kafka.clients.NetworkClient   : [Consumer clientId=consumer-delivery-group-3, groupId=delivery-group] Node -1 disconnected.
2025-05-10T09:46:38.358+05:30  INFO 11980 --- [Delivery-Replication] [ntainer#0-0-C-1] org.apache.kafka.clients.NetworkClient   : [Consumer clientId=consumer-delivery-group-2, groupId=delivery-group] Node -1 disconnected.
2025-05-10T09:46:38.367+05:30  WARN 11980 --- [Delivery-Replication] [ntainer#0-0-C-1] org.apache.kafka.clients.NetworkClient   : [Consumer clientId=consumer-delivery-group-2, groupId=delivery-group] Connection to node -1 (localhost/127.0.0.1:9032) could not be established. Node may not be available.
2025-05-10T09:46:38.369+05:30  WARN 11980 --- [Delivery-Replication] [ntainer#0-0-C-1] org.apache.kafka.clients.NetworkClient   : [Consumer clientId=consumer-delivery-group-2, groupId=delivery-group] Bootstrap broker localhost:9032 (id: -1 rack: null) disconnected
2025-05-10T09:46:38.369+05:30  WARN 11980 --- [Delivery-Replication] [ntainer#1-0-C-1] org.apache.kafka.clients.NetworkClient   : [Consumer clientId=consumer-delivery-group-3, groupId=delivery-group] Connection to node -1 (localhost/127.0.0.1:9032) could not be established. Node may not be available.
2025-05-10T09:46:38.370+05:30  WARN 11980 --- [Delivery-Replication] [ntainer#1-0-C-1] org.apache.kafka.clients.NetworkClient   : [Consumer clientId=consumer-delivery-group-3, groupId=delivery-group] Bootstrap broker localhost:9032 (id: -1 rack: null) disconnected
2025-05-10T09:46:38.515+05:30  INFO 11980 --- [Delivery-Replication] [ntainer#0-0-C-1] org.apache.kafka.clients.NetworkClient   : [Consumer clientId=consumer-delivery-group-2, groupId=delivery-group] Node -1 disconnected.
2025-05-10T09:46:38.516+05:30  WARN 11980 --- [Delivery-Replication] [ntainer#0-0-C-1] org.apache.kafka.clients.NetworkClient   : [Consumer clientId=consumer-delivery-group-2, groupId=delivery-group] Connection to node -1 (localhost/127.0.0.1:9032) could not be established. Node may not be available.
2025-05-10T09:46:38.520+05:30  INFO 11980 --- [Delivery-Replication] [ntainer#1-0-C-1] org.apache.kafka.clients.NetworkClient   : [Consumer clientId=consumer-delivery-group-3, groupId=delivery-group] Node -1 disconnected.
2025-05-10T09:46:38.521+05:30  WARN 11980 --- [Delivery-Replication] [ntainer#1-0-C-1] org.apache.kafka.clients.NetworkClient   : [Consumer clientId=consumer-delivery-group-3, groupId=delivery-group] Connection to node -1 (localhost/127.0.0.1:9032) could not be established. Node may not be available.
2025-05-10T09:46:38.521+05:30  WARN 11980 --- [Delivery-Replication] [ntainer#1-0-C-1] org.apache.kafka.clients.NetworkClient   : [Consumer clientId=consumer-delivery-group-3, groupId=delivery-group] Bootstrap broker localhost:9032 (id: -1 rack: null) disconnected
2025-05-10T09:46:38.516+05:30  WARN 11980 --- [Delivery-Replication] [ntainer#0-0-C-1] org.apache.kafka.clients.NetworkClient   : [Consumer clientId=consumer-delivery-group-2, groupId=delivery-group] Bootstrap broker localhost:9032 (id: -1 rack: null) disconnected
2025-05-10T09:46:38.540+05:30  INFO 11980 --- [Delivery-Replication] [ntainer#2-0-C-1] org.apache.kafka.clients.NetworkClient   : [Consumer clientId=consumer-delivery-replication-service-1, groupId=delivery-replication-service] Node -1 disconnected.
2025-05-10T09:46:38.540+05:30  WARN 11980 --- [Delivery-Replication] [ntainer#2-0-C-1] org.apache.kafka.clients.NetworkClient   : [Consumer clientId=consumer-delivery-replication-service-1, groupId=delivery-replication-service] Connection to node -1 (localhost/127.0.0.1:9032) could not be established. Node may not be available.
2025-05-10T09:46:38.541+05:30  WARN 11980 --- [Delivery-Replication] [ntainer#2-0-C-1] org.apache.kafka.clients.NetworkClient   : [Consumer clientId=consumer-delivery-replication-service-1, groupId=delivery-replication-service] Bootstrap broker localhost:9032 (id: -1 rack: null) disconnected
2025-05-10T09:46:38.716+05:30  INFO 11980 --- [Delivery-Replication] [ntainer#0-0-C-1] org.apache.kafka.clients.NetworkClient   : [Consumer clientId=consumer-delivery-group-2, groupId=delivery-group] Node -1 disconnected.
2025-05-10T09:46:38.716+05:30  WARN 11980 --- [Delivery-Replication] [ntainer#0-0-C-1] org.apache.kafka.clients.NetworkClient   : [Consumer clientId=consumer-delivery-group-2, groupId=delivery-group] Connection to node -1 (localhost/127.0.0.1:9032) could not be established. Node may not be available.
2025-05-10T09:46:38.716+05:30  WARN 11980 --- [Delivery-Replication] [ntainer#0-0-C-1] org.apache.kafka.clients.NetworkClient   : [Consumer clientId=consumer-delivery-group-2, groupId=delivery-group] Bootstrap broker localhost:9032 (id: -1 rack: null) disconnected
2025-05-10T09:46:38.784+05:30  INFO 11980 --- [Delivery-Replication] [ntainer#2-0-C-1] org.apache.kafka.clients.NetworkClient   : [Consumer clientId=consumer-delivery-replication-service-1, groupId=delivery-replication-service] Node -1 disconnected.
2025-05-10T09:46:38.784+05:30  INFO 11980 --- [Delivery-Replication] [ntainer#1-0-C-1] org.apache.kafka.clients.NetworkClient   : [Consumer clientId=consumer-delivery-group-3, groupId=delivery-group] Node -1 disconnected.
2025-05-10T09:46:38.785+05:30  WARN 11980 --- [Delivery-Replication] [ntainer#2-0-C-1] org.apache.kafka.clients.NetworkClient   : [Consumer clientId=consumer-delivery-replication-service-1, groupId=delivery-replication-service] Connection to node -1 (localhost/127.0.0.1:9032) could not be established. Node may not be available.
2025-05-10T09:46:38.785+05:30  WARN 11980 --- [Delivery-Replication] [ntainer#1-0-C-1] org.apache.kafka.clients.NetworkClient   : [Consumer clientId=consumer-delivery-group-3, groupId=delivery-group] Connection to node -1 (localhost/127.0.0.1:9032) could not be established. Node may not be available.
2025-05-10T09:46:38.785+05:30  WARN 11980 --- [Delivery-Replication] [ntainer#1-0-C-1] org.apache.kafka.clients.NetworkClient   : [Consumer clientId=consumer-delivery-group-3, groupId=delivery-group] Bootstrap broker localhost:9032 (id: -1 rack: null) disconnected
2025-05-10T09:46:38.785+05:30  WARN 11980 --- [Delivery-Replication] [ntainer#2-0-C-1] org.apache.kafka.clients.NetworkClient   : [Consumer clientId=consumer-delivery-replication-service-1, groupId=delivery-replication-service] Bootstrap broker localhost:9032 (id: -1 rack: null) disconnected
2025-05-10T09:46:39.154+05:30  INFO 11980 --- [Delivery-Replication] [ntainer#1-0-C-1] org.apache.kafka.clients.NetworkClient   : [Consumer clientId=consumer-delivery-group-3, groupId=delivery-group] Node -1 disconnected.
2025-05-10T09:46:39.154+05:30  WARN 11980 --- [Delivery-Replication] [ntainer#1-0-C-1] org.apache.kafka.clients.NetworkClient   : [Consumer clientId=consumer-delivery-group-3, groupId=delivery-group] Connection to node -1 (localhost/127.0.0.1:9032) could not be established. Node may not be available.
2025-05-10T09:46:39.155+05:30  WARN 11980 --- [Delivery-Replication] [ntainer#1-0-C-1] org.apache.kafka.clients.NetworkClient   : [Consumer clientId=consumer-delivery-group-3, groupId=delivery-group] Bootstrap broker localhost:9032 (id: -1 rack: null) disconnected
2025-05-10T09:46:39.157+05:30  INFO 11980 --- [Delivery-Replication] [ntainer#0-0-C-1] org.apache.kafka.clients.NetworkClient   : [Consumer clientId=consumer-delivery-group-2, groupId=delivery-group] Node -1 disconnected.
2025-05-10T09:46:39.160+05:30  WARN 11980 --- [Delivery-Replication] [ntainer#0-0-C-1] org.apache.kafka.clients.NetworkClient   : [Consumer clientId=consumer-delivery-group-2, groupId=delivery-group] Connection to node -1 (localhost/127.0.0.1:9032) could not be established. Node may not be available.
2025-05-10T09:46:39.160+05:30  WARN 11980 --- [Delivery-Replication] [ntainer#0-0-C-1] org.apache.kafka.clients.NetworkClient   : [Consumer clientId=consumer-delivery-group-2, groupId=delivery-group] Bootstrap broker localhost:9032 (id: -1 rack: null) disconnected
2025-05-10T09:46:39.212+05:30  INFO 11980 --- [Delivery-Replication] [ntainer#2-0-C-1] org.apache.kafka.clients.NetworkClient   : [Consumer clientId=consumer-delivery-replication-service-1, groupId=delivery-replication-service] Node -1 disconnected.
2025-05-10T09:46:39.213+05:30  WARN 11980 --- [Delivery-Replication] [ntainer#2-0-C-1] org.apache.kafka.clients.NetworkClient   : [Consumer clientId=consumer-delivery-replication-service-1, groupId=delivery-replication-service] Connection to node -1 (localhost/127.0.0.1:9032) could not be established. Node may not be available.
2025-05-10T09:46:39.213+05:30  WARN 11980 --- [Delivery-Replication] [ntainer#2-0-C-1] org.apache.kafka.clients.NetworkClient   : [Consumer clientId=consumer-delivery-replication-service-1, groupId=delivery-replication-service] Bootstrap broker localhost:9032 (id: -1 rack: null) disconnected
2025-05-10T09:46:39.864+05:30  INFO 11980 --- [Delivery-Replication] [ntainer#0-0-C-1] org.apache.kafka.clients.NetworkClient   : [Consumer clientId=consumer-delivery-group-2, groupId=delivery-group] Node -1 disconnected.
2025-05-10T09:46:39.864+05:30  WARN 11980 --- [Delivery-Replication] [ntainer#0-0-C-1] org.apache.kafka.clients.NetworkClient   : [Consumer clientId=consumer-delivery-group-2, groupId=delivery-group] Connection to node -1 (localhost/127.0.0.1:9032) could not be established. Node may not be available.
2025-05-10T09:46:39.864+05:30  WARN 11980 --- [Delivery-Replication] [ntainer#0-0-C-1] org.apache.kafka.clients.NetworkClient   : [Consumer clientId=consumer-delivery-group-2, groupId=delivery-group] Bootstrap broker localhost:9032 (id: -1 rack: null) disconnected
2025-05-10T09:46:39.925+05:30  INFO 11980 --- [Delivery-Replication] [ntainer#1-0-C-1] org.apache.kafka.clients.NetworkClient   : [Consumer clientId=consumer-delivery-group-3, groupId=delivery-group] Node -1 disconnected.
2025-05-10T09:46:39.926+05:30  WARN 11980 --- [Delivery-Replication] [ntainer#1-0-C-1] org.apache.kafka.clients.NetworkClient   : [Consumer clientId=consumer-delivery-group-3, groupId=delivery-group] Connection to node -1 (localhost/127.0.0.1:9032) could not be established. Node may not be available.
2025-05-10T09:46:39.926+05:30  WARN 11980 --- [Delivery-Replication] [ntainer#1-0-C-1] org.apache.kafka.clients.NetworkClient   : [Consumer clientId=consumer-delivery-group-3, groupId=delivery-group] Bootstrap broker localhost:9032 (id: -1 rack: null) disconnected
2025-05-10T09:46:40.127+05:30  INFO 11980 --- [Delivery-Replication] [ntainer#2-0-C-1] org.apache.kafka.clients.NetworkClient   : [Consumer clientId=consumer-delivery-replication-service-1, groupId=delivery-replication-service] Node -1 disconnected.
2025-05-10T09:46:40.127+05:30  WARN 11980 --- [Delivery-Replication] [ntainer#2-0-C-1] org.apache.kafka.clients.NetworkClient   : [Consumer clientId=consumer-delivery-replication-service-1, groupId=delivery-replication-service] Connection to node -1 (localhost/127.0.0.1:9032) could not be established. Node may not be available.
2025-05-10T09:46:40.129+05:30  WARN 11980 --- [Delivery-Replication] [ntainer#2-0-C-1] org.apache.kafka.clients.NetworkClient   : [Consumer clientId=consumer-delivery-replication-service-1, groupId=delivery-replication-service] Bootstrap broker localhost:9032 (id: -1 rack: null) disconnected
]]></system-out>
    <system-err><![CDATA[Mockito is currently self-attaching to enable the inline-mock-maker. This will no longer work in future releases of the JDK. Please add Mockito as an agent to your build what is described in Mockito's documentation: https://javadoc.io/doc/org.mockito/mockito-core/latest/org/mockito/Mockito.html#0.3
WARNING: A Java agent has been loaded dynamically (C:\Users\Savindu\.m2\repository\net\bytebuddy\byte-buddy-agent\1.15.11\byte-buddy-agent-1.15.11.jar)
WARNING: If a serviceability tool is in use, please run with -XX:+EnableDynamicAgentLoading to hide this warning
WARNING: If a serviceability tool is not in use, please run with -Djdk.instrument.traceUsage for more information
WARNING: Dynamic loading of agents will be disallowed by default in a future release
]]></system-err>
  </testcase>
</testsuite>